nohup: ignoring input

> react-context-node@0.1.0 start /var/www/react-context-node
> react-scripts start

Starting the development server...

Compiled successfully!

You can now view react-context-node in the browser.

  Local:            http://localhost:3000/
  On Your Network:  http://192.168.1.107:3000/

Note that the development build is not optimized.
To create a production build, use yarn build.

Compiling...
Compiled with warnings.

./src/components/Context.js
  Line 1:  'Component' is defined but never used  no-unused-vars

Search for the keywords to learn more about each warning.
To ignore, add // eslint-disable-next-line to the line before.

The build failed because the process exited too early. This probably means the system ran out of memory or someone called `kill -9` on the process.
npm ERR! code ELIFECYCLE
npm ERR! errno 1
npm ERR! react-context-node@0.1.0 start: `react-scripts start`
npm ERR! Exit status 1
npm ERR! 
npm ERR! Failed at the react-context-node@0.1.0 start script.
npm ERR! This is probably not a problem with npm. There is likely additional logging output above.

npm ERR! A complete log of this run can be found in:
npm ERR!     /root/.npm/_logs/2019-05-14T08_26_53_080Z-debug.log
Starting the development server...

Compiled successfully!

You can now view react-context-node in the browser.

  Local:            http://localhost:3000/
  On Your Network:  http://192.168.1.107:3000/

Note that the development build is not optimized.
To create a production build, use yarn build.

nohup: ignoring input

> react-context-node@0.1.0 start /var/www/react-context-node
> react-scripts start

Browserslist: caniuse-lite is outdated. Please run next command `npm update caniuse-lite browserslist`
Starting the development server...

Compiled with warnings.

./src/components/children/Slave2.js
  Line 37:  'user_ar' is assigned a value but never used  no-unused-vars

Search for the keywords to learn more about each warning.
To ignore, add // eslint-disable-next-line to the line before.

The build failed because the process exited too early. This probably means the system ran out of memory or someone called `kill -9` on the process.
npm ERR! code ELIFECYCLE
npm ERR! errno 1
npm ERR! react-context-node@0.1.0 start: `react-scripts start`
npm ERR! Exit status 1
npm ERR! 
npm ERR! Failed at the react-context-node@0.1.0 start script.
npm ERR! This is probably not a problem with npm. There is likely additional logging output above.

npm ERR! A complete log of this run can be found in:
npm ERR!     /root/.npm/_logs/2019-05-16T07_42_21_278Z-debug.log
nohup: ignoring input

> react-context-node@0.1.0 start /var/www/react-context-node
> react-scripts start

Browserslist: caniuse-lite is outdated. Please run next command `npm update caniuse-lite browserslist`
Starting the development server...

Compiled with warnings.

./src/components/children/Slave2.js
  Line 37:  'user_ar' is assigned a value but never used  no-unused-vars

Search for the keywords to learn more about each warning.
To ignore, add // eslint-disable-next-line to the line before.

nohup: ignoring input

> react-context-node@0.1.0 start /var/www/react-context-node
> react-scripts start

Something is already running on port 3000.
Killed
nohup: ignoring input

> react-context-node@0.1.0 start /var/www/react-context-node
> react-scripts start

Browserslist: caniuse-lite is outdated. Please run next command `npm update caniuse-lite browserslist`
Starting the development server...

Compiled with warnings.

./src/components/children/Slave2.js
  Line 37:  'user_ar' is assigned a value but never used  no-unused-vars

Search for the keywords to learn more about each warning.
To ignore, add // eslint-disable-next-line to the line before.

Killed
nohup: ignoring input

> react-context-node@0.1.0 start /var/www/react-context-node
> react-scripts start

Browserslist: caniuse-lite is outdated. Please run next command `npm update caniuse-lite browserslist`
Starting the development server...

Compiled with warnings.

./src/components/children/Slave2.js
  Line 37:  'user_ar' is assigned a value but never used  no-unused-vars

Search for the keywords to learn more about each warning.
To ignore, add // eslint-disable-next-line to the line before.

Killed
